Unity Editor version:    2020.3.24f1 (79c78de19888)
Branch:                  2020.3/staging
Build type:              Release
Batch mode:              YES
macOS version:           Version 12.1 (Build 21C52)
Darwin version:          21.2.0
Architecture:            x86_64
Running under Rosetta:   YES
Available memory:        16384 MB
Using pre-set license
Pro License: NO

COMMAND LINE ARGUMENTS:
/Applications/Unity/Hub/Editor/2020.3.24f1/Unity.app/Contents/MacOS/Unity
-adb2
-batchMode
-noUpm
-name
AssetImportWorker0
-projectPath
/Users/mcrich/Library/Mobile Documents/com~apple~CloudDocs/Unity/FPS
-logFile
Logs/AssetImportWorker0.log
-srvPort
52072
Successfully changed project path to: /Users/mcrich/Library/Mobile Documents/com~apple~CloudDocs/Unity/FPS
/Users/mcrich/Library/Mobile Documents/com~apple~CloudDocs/Unity/FPS
Using Asset Import Pipeline V2.
Refreshing native plugins compatible for Editor in 75.20 ms, found 3 plugins.
Preloading 0 native plugins for Editor in 0.00 ms.
Initialize engine version: 2020.3.24f1 (79c78de19888)
[Subsystems] Discovering subsystems at path /Applications/Unity/Hub/Editor/2020.3.24f1/Unity.app/Contents/Resources/UnitySubsystems
[Subsystems] Discovering subsystems at path /Users/mcrich/Library/Mobile Documents/com~apple~CloudDocs/Unity/FPS/Assets
GfxDevice: creating device client; threaded=0
2021-12-13 13:38:15.695 Unity[20072:494494] (null) preferred device: Apple M1 (high power)
2021-12-13 13:38:15.695 Unity[20072:494494] Metal devices available: 1
2021-12-13 13:38:15.695 Unity[20072:494494] 0: Apple M1 (high power)
2021-12-13 13:38:15.696 Unity[20072:494494] Using device Apple M1 (high power)
Initializing Metal device caps: Apple M1
Initialize mono
Mono path[0] = '/Applications/Unity/Hub/Editor/2020.3.24f1/Unity.app/Contents/Managed'
Mono path[1] = '/Applications/Unity/Hub/Editor/2020.3.24f1/Unity.app/Contents/MonoBleedingEdge/lib/mono/unityjit'
Mono config path = '/Applications/Unity/Hub/Editor/2020.3.24f1/Unity.app/Contents/MonoBleedingEdge/etc'
Using monoOptions --debugger-agent=transport=dt_socket,embedding=1,server=y,suspend=n,address=127.0.0.1:56072
Begin MonoManager ReloadAssembly
Registering precompiled unity dll's ...
Register platform support module: /Applications/Unity/Hub/Editor/2020.3.24f1/PlaybackEngines/WebGLSupport/UnityEditor.WebGL.Extensions.dll
Register platform support module: /Applications/Unity/Hub/Editor/2020.3.24f1/Unity.app/Contents/PlaybackEngines/MacStandaloneSupport/UnityEditor.OSXStandalone.Extensions.dll
Register platform support module: /Applications/Unity/Hub/Editor/2020.3.24f1/PlaybackEngines/WindowsStandaloneSupport/UnityEditor.WindowsStandalone.Extensions.dll
Registered in 0.003532 seconds.
Native extension for WindowsStandalone target not found
Native extension for OSXStandalone target not found
Native extension for WebGL target not found
Refreshing native plugins compatible for Editor in 62.55 ms, found 3 plugins.
Preloading 0 native plugins for Editor in 0.00 ms.
Mono: successfully reloaded assembly
- Completed reload, in  1.298 seconds
Domain Reload Profiling:
	ReloadAssembly (1299ms)
		BeginReloadAssembly (76ms)
			ExecutionOrderSort (0ms)
			DisableScriptedObjects (0ms)
			BackupInstance (0ms)
			ReleaseScriptingObjects (0ms)
			CreateAndSetChildDomain (2ms)
		EndReloadAssembly (1097ms)
			LoadAssemblies (75ms)
			RebuildTransferFunctionScriptingTraits (0ms)
			SetupTypeCache (182ms)
			ReleaseScriptCaches (0ms)
			RebuildScriptCaches (43ms)
			SetupLoadedEditorAssemblies (548ms)
				LogAssemblyErrors (0ms)
				InitializePlatformSupportModulesInManaged (15ms)
				SetLoadedEditorAssemblies (0ms)
				RefreshPlugins (63ms)
				BeforeProcessingInitializeOnLoad (27ms)
				ProcessInitializeOnLoadAttributes (331ms)
				ProcessInitializeOnLoadMethodAttributes (111ms)
				AfterProcessingInitializeOnLoad (0ms)
				EditorAssembliesLoaded (1ms)
			ExecutionOrderSort2 (0ms)
			AwakeInstancesAfterBackupRestoration (0ms)
Platform modules already initialized, skipping
Registering precompiled user dll's ...
Registered in 0.005508 seconds.
Begin MonoManager ReloadAssembly
Native extension for WindowsStandalone target not found
Native extension for OSXStandalone target not found
Native extension for WebGL target not found
Refreshing native plugins compatible for Editor in 0.75 ms, found 3 plugins.
Preloading 0 native plugins for Editor in 0.00 ms.
Mono: successfully reloaded assembly
- Completed reload, in  2.215 seconds
Domain Reload Profiling:
	ReloadAssembly (2217ms)
		BeginReloadAssembly (258ms)
			ExecutionOrderSort (0ms)
			DisableScriptedObjects (32ms)
			BackupInstance (0ms)
			ReleaseScriptingObjects (0ms)
			CreateAndSetChildDomain (33ms)
		EndReloadAssembly (1861ms)
			LoadAssemblies (204ms)
			RebuildTransferFunctionScriptingTraits (0ms)
			SetupTypeCache (355ms)
			ReleaseScriptCaches (0ms)
			RebuildScriptCaches (56ms)
			SetupLoadedEditorAssemblies (1007ms)
				LogAssemblyErrors (0ms)
				InitializePlatformSupportModulesInManaged (16ms)
				SetLoadedEditorAssemblies (1ms)
				RefreshPlugins (1ms)
				BeforeProcessingInitializeOnLoad (125ms)
				ProcessInitializeOnLoadAttributes (833ms)
				ProcessInitializeOnLoadMethodAttributes (31ms)
				AfterProcessingInitializeOnLoad (1ms)
				EditorAssembliesLoaded (0ms)
			ExecutionOrderSort2 (0ms)
			AwakeInstancesAfterBackupRestoration (30ms)
Platform modules already initialized, skipping
Validating Project structure ... 0.015906 seconds.
Shader import version has changed; will reimport all shaders...
Upgrading shader files ...0.025699 seconds.
Application.AssetDatabase Initial Script Refresh Start
RefreshInfo: InitialScriptRefreshV2(NoUpdateAssetOptions) scanfilter:  ... 1 filters
RefreshProfiler: Total: 0.000ms
Application.AssetDatabase Initial Script Refresh End
Application.AssetDatabase.Refresh Start
Application.AssetDatabase.Refresh End
RefreshInfo: StopAssetImportingV2(ForceSynchronousImport) scanfilter: 
RefreshProfiler: Total: 0.000ms
Launching external process: /Applications/Unity/Hub/Editor/2020.3.24f1/Unity.app/Contents/Tools/UnityShaderCompiler
Launched and connected shader compiler UnityShaderCompiler after 0.02 seconds
Initializing Unity extensions:
2021-12-13 13:38:20.861 Unity[20072:494494] NSEventModifierFlagFunction specified to -setKeyEquivalentModifierMask: for item <NSMenuItem: 0x60000173a370 Font Asset, ke='Command-F12'>, but is only supported for system-provided menu items; will not be used
2021-12-13 13:38:20.866 Unity[20072:494494] NSEventModifierFlagFunction specified to -setKeyEquivalentModifierMask: for item <NSMenuItem: 0x600001720ee0 Font Asset, ke='Command-F12'>, but is only supported for system-provided menu items; will not be used
========================================================================
Worker process is ready to serve import requests
Refreshing native plugins compatible for Editor in 0.73 ms, found 3 plugins.
Preloading 0 native plugins for Editor in 0.00 ms.
Unloading 2322 Unused Serialized files (Serialized files now loaded: 0)
System memory in use before: 276.1 MB.
System memory in use after: 272.6 MB.

Unloading 246 unused Assets to reduce memory usage. Loaded Objects now: 2769.
Total: 3.986167 ms (FindLiveObjects: 0.158042 ms CreateObjectMapping: 0.047084 ms MarkObjects: 2.011209 ms  DeleteObjects: 1.768958 ms)

AssetImportParameters requested are different than current active one (requested -> active):
  custom:video-decoder-ogg-theora: a1e56fd34408186e4bbccfd4996cb3dc -> 
  custom:container-muxer-webm: aa71ff27fc2769a1b78a27578f13a17b -> 
  custom:container-demuxer-webm: 4f35f7cbe854078d1ac9338744f61a02 -> 
  custom:container-demuxer-ogg: 62fdf1f143b41e24485cea50d1cbac27 -> 
  custom:video-encoder-webm-vp8: eb34c28f22e8b96e1ab97ce403110664 -> 
  custom:framework-osx-AVFoundation: e770b220cccbd017edd2c1fefb359320 -> 
  custom:video-decoder-webm-vp8: 9c59270c3fd7afecdb556c50c9e8de78 -> 
  custom:audio-decoder-ogg-vorbis: bf7c407c2cedff20999df2af8eb42d56 -> 
  custom:audio-encoder-webm-vorbis: bf7c407c2cedff20999df2af8eb42d56 -> 
========================================================================
Received Import Request.
  path: Assets/Low Poly Guns
  artifactKey: Guid(f5ced9880c81a4850a983f956b83702b) Importer(815301076,1909f56bfc062723c751e8b465ee728b)
Start importing Assets/Low Poly Guns using Guid(f5ced9880c81a4850a983f956b83702b) Importer(815301076,1909f56bfc062723c751e8b465ee728b)  -> (artifact id: '707d13a63cf37de60988b7e60e6328a6') in 0.006269 seconds 
  Import took 0.008963 seconds .

========================================================================
Received Import Request.
  Time since last request: 0.000250 seconds.
  path: Assets/ModAssets
  artifactKey: Guid(c9e6b4a3c143baa45a638f19841be256) Importer(815301076,1909f56bfc062723c751e8b465ee728b)
Start importing Assets/ModAssets using Guid(c9e6b4a3c143baa45a638f19841be256) Importer(815301076,1909f56bfc062723c751e8b465ee728b)  -> (artifact id: '9fa68f4b8b2ef55824f072453a2886b9') in 0.000550 seconds 
  Import took 0.002505 seconds .

========================================================================
Received Import Request.
  Time since last request: 0.324371 seconds.
  path: Assets/Low Poly Guns/Models
  artifactKey: Guid(bcb561bb3fcd38947adadb609bc8340b) Importer(815301076,1909f56bfc062723c751e8b465ee728b)
Start importing Assets/Low Poly Guns/Models using Guid(bcb561bb3fcd38947adadb609bc8340b) Importer(815301076,1909f56bfc062723c751e8b465ee728b)  -> (artifact id: '2536f18ef72f3fed612018fbf2031ab5') in 0.000758 seconds 
  Import took 0.003817 seconds .

========================================================================
Received Import Request.
  Time since last request: 3.055859 seconds.
  path: Assets/Low Poly Guns/Models/Guns/assault1
  artifactKey: Guid(7938b61606cd85d47bc3ce4b39eeb65d) Importer(815301076,1909f56bfc062723c751e8b465ee728b)
Start importing Assets/Low Poly Guns/Models/Guns/assault1 using Guid(7938b61606cd85d47bc3ce4b39eeb65d) Importer(815301076,1909f56bfc062723c751e8b465ee728b)  -> (artifact id: '695f862e3a1eb10594b123f4c6004e7f') in 0.000934 seconds 
  Import took 0.003950 seconds .

========================================================================
Received Import Request.
  Time since last request: 37.463273 seconds.
  path: Assets/FPS/Prefabs/Weapons/Weapon_Gun1.prefab
  artifactKey: Guid(aab24351654eb4d51a9488f9c82d0cc0) Importer(815301076,1909f56bfc062723c751e8b465ee728b)
Start importing Assets/FPS/Prefabs/Weapons/Weapon_Gun1.prefab using Guid(aab24351654eb4d51a9488f9c82d0cc0) Importer(815301076,1909f56bfc062723c751e8b465ee728b)  -> (artifact id: '734377c370f9ddaeb3719a7656c78e5c') in 0.518308 seconds 
  Import took 0.522881 seconds .

========================================================================
Received Import Request.
  Time since last request: 33.301703 seconds.
  path: Assets/FPS/Prefabs/Weapons/Weapon_Gun1.prefab
  artifactKey: Guid(aab24351654eb4d51a9488f9c82d0cc0) Importer(815301076,1909f56bfc062723c751e8b465ee728b)
Start importing Assets/FPS/Prefabs/Weapons/Weapon_Gun1.prefab using Guid(aab24351654eb4d51a9488f9c82d0cc0) Importer(815301076,1909f56bfc062723c751e8b465ee728b)  -> (artifact id: 'b5afbf70c6c50b3863d3c12e3e8951dd') in 0.142130 seconds 
  Import took 0.145248 seconds .

========================================================================
Received Import Request.
  Time since last request: 20.333709 seconds.
  path: Assets/FPS/Prefabs/Weapons/Weapon_Assult.prefab
  artifactKey: Guid(aab24351654eb4d51a9488f9c82d0cc0) Importer(815301076,1909f56bfc062723c751e8b465ee728b)
Start importing Assets/FPS/Prefabs/Weapons/Weapon_Assult.prefab using Guid(aab24351654eb4d51a9488f9c82d0cc0) Importer(815301076,1909f56bfc062723c751e8b465ee728b)  -> (artifact id: '041e9bce84a9c5c16697934f35a37a18') in 0.013573 seconds 
  Import took 0.016542 seconds .

========================================================================
Received Import Request.
  Time since last request: 14.509452 seconds.
  path: Assets/FPS/Prefabs/Weapons/Weapon_Assult.prefab
  artifactKey: Guid(aab24351654eb4d51a9488f9c82d0cc0) Importer(815301076,1909f56bfc062723c751e8b465ee728b)
Start importing Assets/FPS/Prefabs/Weapons/Weapon_Assult.prefab using Guid(aab24351654eb4d51a9488f9c82d0cc0) Importer(815301076,1909f56bfc062723c751e8b465ee728b)  -> (artifact id: '7245cc49dac88c16fce3f0fc8a2e2b0e') in 0.008725 seconds 
  Import took 0.011978 seconds .

========================================================================
Received Import Request.
  Time since last request: 13.356233 seconds.
  path: Assets/FPS/Prefabs/Weapons/Weapon_Assult.prefab
  artifactKey: Guid(aab24351654eb4d51a9488f9c82d0cc0) Importer(815301076,1909f56bfc062723c751e8b465ee728b)
Start importing Assets/FPS/Prefabs/Weapons/Weapon_Assult.prefab using Guid(aab24351654eb4d51a9488f9c82d0cc0) Importer(815301076,1909f56bfc062723c751e8b465ee728b)  -> (artifact id: 'dcbb949b639d2e3cf47a3726a3cd0d86') in 0.021046 seconds 
  Import took 0.024367 seconds .

========================================================================
Received Import Request.
  Time since last request: 4.335167 seconds.
  path: Assets/FPS/Prefabs/Weapons/Weapon_Assult.prefab
  artifactKey: Guid(aab24351654eb4d51a9488f9c82d0cc0) Importer(815301076,1909f56bfc062723c751e8b465ee728b)
Start importing Assets/FPS/Prefabs/Weapons/Weapon_Assult.prefab using Guid(aab24351654eb4d51a9488f9c82d0cc0) Importer(815301076,1909f56bfc062723c751e8b465ee728b)  -> (artifact id: '9688485ebc18ea426689ef2766e2d108') in 0.011221 seconds 
  Import took 0.014873 seconds .

========================================================================
Received Import Request.
  Time since last request: 9.193311 seconds.
  path: Assets/FPS/Prefabs/Weapons/Weapon_Assult.prefab
  artifactKey: Guid(aab24351654eb4d51a9488f9c82d0cc0) Importer(815301076,1909f56bfc062723c751e8b465ee728b)
Start importing Assets/FPS/Prefabs/Weapons/Weapon_Assult.prefab using Guid(aab24351654eb4d51a9488f9c82d0cc0) Importer(815301076,1909f56bfc062723c751e8b465ee728b)  -> (artifact id: 'ec8dc6f2725fa6d6b18ee40e2092486d') in 0.011257 seconds 
  Import took 0.014789 seconds .

